<?xml version="1.0" encoding="UTF-8"?>
<!-- Generated by org.testng.reporters.JUnitReportReporter -->
<testsuite skipped="0" hostname="DESKTOP-PI0I6SN" name="APITest.test1" tests="3" failures="0" timestamp="2021-12-01T12:01:59 IST" time="2.193" errors="0">
  <testcase name="create_board" time="0.743" classname="APITest.test1"/>
  <system-out/>
  <testcase name="get_board" time="0.621" classname="APITest.test1"/>
  <system-out/>
  <testcase name="delete_board" time="0.829" classname="APITest.test1"/>
  <system-out/>
</testsuite> <!-- APITest.test1 -->
