<?xml version="1.0" encoding="UTF-8"?>
<!-- Generated by org.testng.reporters.JUnitReportReporter -->
<testsuite skipped="0" hostname="DESKTOP-PI0I6SN" name="APITest.Demo_TestNG" tests="2" failures="0" timestamp="2021-12-01T12:01:59 IST" time="0.007" errors="0">
  <testcase name="testcase1" time="0.003" classname="APITest.Demo_TestNG"/>
  <system-out/>
  <testcase name="tsetcase2" time="0.004" classname="APITest.Demo_TestNG"/>
  <system-out/>
</testsuite> <!-- APITest.Demo_TestNG -->
