<?xml version="1.0" encoding="UTF-8"?>
<!-- Generated by org.testng.reporters.JUnitReportReporter -->
<testsuite skipped="0" hostname="DESKTOP-PI0I6SN" name="APITest.Demo2_TestNG" tests="1" failures="0" timestamp="2021-12-01T12:01:59 IST" time="0.003" errors="0">
  <testcase name="testcase3" time="0.003" classname="APITest.Demo2_TestNG"/>
  <system-out/>
</testsuite> <!-- APITest.Demo2_TestNG -->
