<?xml version="1.0" encoding="UTF-8"?>
<!-- Generated by org.testng.reporters.JUnitReportReporter -->
<testsuite skipped="1" hostname="DESKTOP-PI0I6SN" name="APITest.E_commerce" tests="4" failures="0" timestamp="2021-12-01T12:01:59 IST" time="10.791" errors="0">
  <testcase name="login" time="6.215" classname="APITest.E_commerce"/>
  <system-out/>
  <testcase name="getusers" time="2.991" classname="APITest.E_commerce"/>
  <system-out/>
  <testcase name="delete" time="1.585" classname="APITest.E_commerce"/>
  <system-out/>
  <testcase name="signup" classname="APITest.E_commerce">
    <skipped/>
  </testcase> <!-- signup -->
  <system-out/>
</testsuite> <!-- APITest.E_commerce -->
